c:\users\мид\desktop\kursovayaserkova\kursovayaserkova\debug\kursovayaserkova.pch
c:\users\мид\desktop\kursovayaserkova\kursovayaserkova\debug\vc140.pdb
c:\users\мид\desktop\kursovayaserkova\kursovayaserkova\debug\vc140.idb
c:\users\мид\desktop\kursovayaserkova\kursovayaserkova\debug\stdafx.obj
c:\users\мид\desktop\kursovayaserkova\kursovayaserkova\debug\drawplane.obj
c:\users\мид\desktop\kursovayaserkova\kursovayaserkova\debug\files.obj
c:\users\мид\desktop\kursovayaserkova\kursovayaserkova\debug\inputtext.obj
c:\users\мид\desktop\kursovayaserkova\kursovayaserkova\debug\kursovayaserkova.obj
c:\users\мид\desktop\kursovayaserkova\kursovayaserkova\debug\obrabotkainf.obj
c:\users\мид\desktop\kursovayaserkova\kursovayaserkova\debug\kursovayaserkova.res
c:\users\мид\desktop\kursovayaserkova\debug\kursovayaserkova.pdb
c:\users\мид\desktop\kursovayaserkova\kursovayaserkova\debug\kursovayaserkova.tlog\cl.command.1.tlog
c:\users\мид\desktop\kursovayaserkova\kursovayaserkova\debug\kursovayaserkova.tlog\cl.read.1.tlog
c:\users\мид\desktop\kursovayaserkova\kursovayaserkova\debug\kursovayaserkova.tlog\cl.write.1.tlog
c:\users\мид\desktop\kursovayaserkova\kursovayaserkova\debug\kursovayaserkova.tlog\link-cvtres.read.1.tlog
c:\users\мид\desktop\kursovayaserkova\kursovayaserkova\debug\kursovayaserkova.tlog\link-cvtres.write.1.tlog
c:\users\мид\desktop\kursovayaserkova\kursovayaserkova\debug\kursovayaserkova.tlog\link-rc.read.1.tlog
c:\users\мид\desktop\kursovayaserkova\kursovayaserkova\debug\kursovayaserkova.tlog\link-rc.write.1.tlog
c:\users\мид\desktop\kursovayaserkova\kursovayaserkova\debug\kursovayaserkova.tlog\link.command.1.tlog
c:\users\мид\desktop\kursovayaserkova\kursovayaserkova\debug\kursovayaserkova.tlog\link.read.1.tlog
c:\users\мид\desktop\kursovayaserkova\kursovayaserkova\debug\kursovayaserkova.tlog\link.write.1.tlog
c:\users\мид\desktop\kursovayaserkova\kursovayaserkova\debug\kursovayaserkova.tlog\rc.command.1.tlog
c:\users\мид\desktop\kursovayaserkova\kursovayaserkova\debug\kursovayaserkova.tlog\rc.read.1.tlog
c:\users\мид\desktop\kursovayaserkova\kursovayaserkova\debug\kursovayaserkova.tlog\rc.write.1.tlog
